Copyright 1986-2017 Xilinx, Inc. All Rights Reserved.
------------------------------------------------------------------------------------------------------------------------------
| Tool Version : Vivado v.2017.2 (lin64) Build 1909853 Thu Jun 15 18:39:10 MDT 2017
| Date         : Mon Oct 16 00:53:11 2017
| Host         : alga-satellite running 64-bit Ubuntu 16.04.3 LTS
| Command      : report_drc -file ov13850_demo_drc_routed.rpt -pb ov13850_demo_drc_routed.pb -rpx ov13850_demo_drc_routed.rpx
| Design       : ov13850_demo
| Device       : xc7a100tcsg324-2
| Speed File   : -2
| Design State : Routed
------------------------------------------------------------------------------------------------------------------------------

Report DRC

Table of Contents
-----------------
1. REPORT SUMMARY
2. REPORT DETAILS

1. REPORT SUMMARY
-----------------
            Netlist: netlist
          Floorplan: design_1
      Design limits: <entire design considered>
           Ruledeck: default
             Max violations: <unlimited>
             Violations found: 53
+-----------+----------+-----------------------------------------------------+------------+
| Rule      | Severity | Description                                         | Violations |
+-----------+----------+-----------------------------------------------------+------------+
| BUFC-1    | Warning  | Input Buffer Connections                            | 2          |
| CFGBVS-1  | Warning  | Missing CFGBVS and CONFIG_VOLTAGE Design Properties | 1          |
| CHECK-3   | Warning  | Report rule limit reached                           | 2          |
| DPOP-1    | Warning  | PREG Output pipelining                              | 2          |
| DPOP-2    | Warning  | MREG Output pipelining                              | 2          |
| REQP-1709 | Warning  | Clock output buffering                              | 1          |
| REQP-1839 | Warning  | RAMB36 async control check                          | 20         |
| REQP-1840 | Warning  | RAMB18 async control check                          | 20         |
| RPBF-3    | Warning  | IO port buffering is incomplete                     | 2          |
| RTSTAT-10 | Warning  | No routable loads                                   | 1          |
+-----------+----------+-----------------------------------------------------+------------+

2. REPORT DETAILS
-----------------
BUFC-1#1 Warning
Input Buffer Connections  
Input buffer fbtest/memctl/u_ddr3_if_mig/u_memc_ui_top_axi/mem_intfc0/ddr_phy_top0/u_ddr_mc_phy_wrapper/gen_dqs_iobuf_HR.gen_dqs_iobuf[0].gen_dqs_diff.u_iobuf_dqs/IBUFDS_0 (in fbtest/memctl/u_ddr3_if_mig/u_memc_ui_top_axi/mem_intfc0/ddr_phy_top0/u_ddr_mc_phy_wrapper/gen_dqs_iobuf_HR.gen_dqs_iobuf[0].gen_dqs_diff.u_iobuf_dqs macro) has no loads. It is recommended to have an input buffer drive an internal load.
Related violations: <none>

BUFC-1#2 Warning
Input Buffer Connections  
Input buffer fbtest/memctl/u_ddr3_if_mig/u_memc_ui_top_axi/mem_intfc0/ddr_phy_top0/u_ddr_mc_phy_wrapper/gen_dqs_iobuf_HR.gen_dqs_iobuf[1].gen_dqs_diff.u_iobuf_dqs/IBUFDS_0 (in fbtest/memctl/u_ddr3_if_mig/u_memc_ui_top_axi/mem_intfc0/ddr_phy_top0/u_ddr_mc_phy_wrapper/gen_dqs_iobuf_HR.gen_dqs_iobuf[1].gen_dqs_diff.u_iobuf_dqs macro) has no loads. It is recommended to have an input buffer drive an internal load.
Related violations: <none>

CFGBVS-1#1 Warning
Missing CFGBVS and CONFIG_VOLTAGE Design Properties  
Neither the CFGBVS nor CONFIG_VOLTAGE voltage property is set in the current_design.  Configuration bank voltage select (CFGBVS) must be set to VCCO or GND, and CONFIG_VOLTAGE must be set to the correct configuration voltage, in order to determine the I/O voltage support for the pins in bank 0.  It is suggested to specify these either using the 'Edit Device Properties' function in the GUI or directly in the XDC file using the following syntax:

 set_property CFGBVS value1 [current_design]
 #where value1 is either VCCO or GND

 set_property CONFIG_VOLTAGE value2 [current_design]
 #where value2 is the voltage provided to configuration bank 0

Refer to the device configuration user guide for more information.
Related violations: <none>

CHECK-3#1 Warning
Report rule limit reached  
REQP-1839 rule limit reached: 20 violations have been found.
Related violations: <none>

CHECK-3#2 Warning
Report rule limit reached  
REQP-1840 rule limit reached: 20 violations have been found.
Related violations: <none>

DPOP-1#1 Warning
PREG Output pipelining  
DSP fbtest/fbctl/axi_araddr2 output fbtest/fbctl/axi_araddr2/P[47:0] is not pipelined (PREG=0). Pipelining the DSP48 output will improve performance and often saves power so it is suggested whenever possible to fully pipeline this function.  If this DSP48 function was inferred, it is suggested to describe an additional register stage after this function.  If the DSP48 was instantiated in the design, it is suggested to set the PREG attribute to 1.
Related violations: <none>

DPOP-1#2 Warning
PREG Output pipelining  
DSP fbtest/fbctl/fb_write_address output fbtest/fbctl/fb_write_address/P[47:0] is not pipelined (PREG=0). Pipelining the DSP48 output will improve performance and often saves power so it is suggested whenever possible to fully pipeline this function.  If this DSP48 function was inferred, it is suggested to describe an additional register stage after this function.  If the DSP48 was instantiated in the design, it is suggested to set the PREG attribute to 1.
Related violations: <none>

DPOP-2#1 Warning
MREG Output pipelining  
DSP fbtest/fbctl/axi_araddr2 multiplier stage fbtest/fbctl/axi_araddr2/P[47:0] is not pipelined (MREG=0). Pipelining the multiplier function will improve performance and will save significant power so it is suggested whenever possible to fully pipeline this function.  If this multiplier was inferred, it is suggested to describe an additional register stage after this function.  If there is no registered adder/accumulator following the multiply function, two pipeline stages are suggested to allow both the MREG and PREG registers to be used.  If the DSP48 was instantiated in the design, it is suggested to set both the MREG and PREG attributes to 1 when performing multiply functions.
Related violations: <none>

DPOP-2#2 Warning
MREG Output pipelining  
DSP fbtest/fbctl/fb_write_address multiplier stage fbtest/fbctl/fb_write_address/P[47:0] is not pipelined (MREG=0). Pipelining the multiplier function will improve performance and will save significant power so it is suggested whenever possible to fully pipeline this function.  If this multiplier was inferred, it is suggested to describe an additional register stage after this function.  If there is no registered adder/accumulator following the multiply function, two pipeline stages are suggested to allow both the MREG and PREG registers to be used.  If the DSP48 was instantiated in the design, it is suggested to set both the MREG and PREG attributes to 1 when performing multiply functions.
Related violations: <none>

REQP-1709#1 Warning
Clock output buffering  
PLLE2_ADV connectivity violation. The signal fbtest/memctl/u_ddr3_if_mig/u_ddr3_infrastructure/pll_clk3_out on the fbtest/memctl/u_ddr3_if_mig/u_ddr3_infrastructure/plle2_i/CLKOUT3 pin of fbtest/memctl/u_ddr3_if_mig/u_ddr3_infrastructure/plle2_i does not drive the same kind of BUFFER load as the other CLKOUT pins. Routing from the different buffer types will not be phase aligned.
Related violations: <none>

REQP-1839#1 Warning
RAMB36 async control check  
The RAMB36E1 csi_rx/vout/even_linebuf/linebuf_reg_0 has an input control pin csi_rx/vout/even_linebuf/linebuf_reg_0/ADDRBWRADDR[12] (net: csi_rx/vout/even_linebuf/linebuf_read_address[6]) which is driven by a register (csi_rx/vout/output_timing/h_pos_reg[2]) that has an active asychronous set or reset. This may cause corruption of the memory contents and/or read values when the set/reset is asserted and is not analyzed by the default static timing analysis. It is suggested to eliminate the use of a set/reset to registers driving this RAMB pin or else use a synchronous reset in which the assertion of the reset is timed by default.
Related violations: <none>

REQP-1839#2 Warning
RAMB36 async control check  
The RAMB36E1 csi_rx/vout/even_linebuf/linebuf_reg_0 has an input control pin csi_rx/vout/even_linebuf/linebuf_reg_0/ADDRBWRADDR[12] (net: csi_rx/vout/even_linebuf/linebuf_read_address[6]) which is driven by a register (csi_rx/vout/output_timing/h_pos_reg[3]) that has an active asychronous set or reset. This may cause corruption of the memory contents and/or read values when the set/reset is asserted and is not analyzed by the default static timing analysis. It is suggested to eliminate the use of a set/reset to registers driving this RAMB pin or else use a synchronous reset in which the assertion of the reset is timed by default.
Related violations: <none>

REQP-1839#3 Warning
RAMB36 async control check  
The RAMB36E1 csi_rx/vout/even_linebuf/linebuf_reg_0 has an input control pin csi_rx/vout/even_linebuf/linebuf_reg_0/ADDRBWRADDR[12] (net: csi_rx/vout/even_linebuf/linebuf_read_address[6]) which is driven by a register (csi_rx/vout/output_timing/h_pos_reg[4]) that has an active asychronous set or reset. This may cause corruption of the memory contents and/or read values when the set/reset is asserted and is not analyzed by the default static timing analysis. It is suggested to eliminate the use of a set/reset to registers driving this RAMB pin or else use a synchronous reset in which the assertion of the reset is timed by default.
Related violations: <none>

REQP-1839#4 Warning
RAMB36 async control check  
The RAMB36E1 csi_rx/vout/even_linebuf/linebuf_reg_0 has an input control pin csi_rx/vout/even_linebuf/linebuf_reg_0/ADDRBWRADDR[13] (net: csi_rx/vout/even_linebuf/linebuf_read_address[7]) which is driven by a register (csi_rx/vout/output_timing/h_pos_reg[2]) that has an active asychronous set or reset. This may cause corruption of the memory contents and/or read values when the set/reset is asserted and is not analyzed by the default static timing analysis. It is suggested to eliminate the use of a set/reset to registers driving this RAMB pin or else use a synchronous reset in which the assertion of the reset is timed by default.
Related violations: <none>

REQP-1839#5 Warning
RAMB36 async control check  
The RAMB36E1 csi_rx/vout/even_linebuf/linebuf_reg_0 has an input control pin csi_rx/vout/even_linebuf/linebuf_reg_0/ADDRBWRADDR[13] (net: csi_rx/vout/even_linebuf/linebuf_read_address[7]) which is driven by a register (csi_rx/vout/output_timing/h_pos_reg[3]) that has an active asychronous set or reset. This may cause corruption of the memory contents and/or read values when the set/reset is asserted and is not analyzed by the default static timing analysis. It is suggested to eliminate the use of a set/reset to registers driving this RAMB pin or else use a synchronous reset in which the assertion of the reset is timed by default.
Related violations: <none>

REQP-1839#6 Warning
RAMB36 async control check  
The RAMB36E1 csi_rx/vout/even_linebuf/linebuf_reg_0 has an input control pin csi_rx/vout/even_linebuf/linebuf_reg_0/ADDRBWRADDR[13] (net: csi_rx/vout/even_linebuf/linebuf_read_address[7]) which is driven by a register (csi_rx/vout/output_timing/h_pos_reg[4]) that has an active asychronous set or reset. This may cause corruption of the memory contents and/or read values when the set/reset is asserted and is not analyzed by the default static timing analysis. It is suggested to eliminate the use of a set/reset to registers driving this RAMB pin or else use a synchronous reset in which the assertion of the reset is timed by default.
Related violations: <none>

REQP-1839#7 Warning
RAMB36 async control check  
The RAMB36E1 csi_rx/vout/even_linebuf/linebuf_reg_0 has an input control pin csi_rx/vout/even_linebuf/linebuf_reg_0/ADDRBWRADDR[13] (net: csi_rx/vout/even_linebuf/linebuf_read_address[7]) which is driven by a register (csi_rx/vout/output_timing/h_pos_reg[5]) that has an active asychronous set or reset. This may cause corruption of the memory contents and/or read values when the set/reset is asserted and is not analyzed by the default static timing analysis. It is suggested to eliminate the use of a set/reset to registers driving this RAMB pin or else use a synchronous reset in which the assertion of the reset is timed by default.
Related violations: <none>

REQP-1839#8 Warning
RAMB36 async control check  
The RAMB36E1 csi_rx/vout/even_linebuf/linebuf_reg_0 has an input control pin csi_rx/vout/even_linebuf/linebuf_reg_0/ADDRBWRADDR[13] (net: csi_rx/vout/even_linebuf/linebuf_read_address[7]) which is driven by a register (csi_rx/vout/output_timing/h_pos_reg[6]) that has an active asychronous set or reset. This may cause corruption of the memory contents and/or read values when the set/reset is asserted and is not analyzed by the default static timing analysis. It is suggested to eliminate the use of a set/reset to registers driving this RAMB pin or else use a synchronous reset in which the assertion of the reset is timed by default.
Related violations: <none>

REQP-1839#9 Warning
RAMB36 async control check  
The RAMB36E1 csi_rx/vout/even_linebuf/linebuf_reg_0 has an input control pin csi_rx/vout/even_linebuf/linebuf_reg_0/ADDRBWRADDR[13] (net: csi_rx/vout/even_linebuf/linebuf_read_address[7]) which is driven by a register (csi_rx/vout/output_timing/h_pos_reg[7]) that has an active asychronous set or reset. This may cause corruption of the memory contents and/or read values when the set/reset is asserted and is not analyzed by the default static timing analysis. It is suggested to eliminate the use of a set/reset to registers driving this RAMB pin or else use a synchronous reset in which the assertion of the reset is timed by default.
Related violations: <none>

REQP-1839#10 Warning
RAMB36 async control check  
The RAMB36E1 csi_rx/vout/even_linebuf/linebuf_reg_0 has an input control pin csi_rx/vout/even_linebuf/linebuf_reg_0/ADDRBWRADDR[13] (net: csi_rx/vout/even_linebuf/linebuf_read_address[7]) which is driven by a register (csi_rx/vout/output_timing/h_pos_reg[8]) that has an active asychronous set or reset. This may cause corruption of the memory contents and/or read values when the set/reset is asserted and is not analyzed by the default static timing analysis. It is suggested to eliminate the use of a set/reset to registers driving this RAMB pin or else use a synchronous reset in which the assertion of the reset is timed by default.
Related violations: <none>

REQP-1839#11 Warning
RAMB36 async control check  
The RAMB36E1 csi_rx/vout/even_linebuf/linebuf_reg_0 has an input control pin csi_rx/vout/even_linebuf/linebuf_reg_0/ADDRBWRADDR[13] (net: csi_rx/vout/even_linebuf/linebuf_read_address[7]) which is driven by a register (csi_rx/vout/output_timing/h_pos_reg[9]) that has an active asychronous set or reset. This may cause corruption of the memory contents and/or read values when the set/reset is asserted and is not analyzed by the default static timing analysis. It is suggested to eliminate the use of a set/reset to registers driving this RAMB pin or else use a synchronous reset in which the assertion of the reset is timed by default.
Related violations: <none>

REQP-1839#12 Warning
RAMB36 async control check  
The RAMB36E1 csi_rx/vout/even_linebuf/linebuf_reg_0 has an input control pin csi_rx/vout/even_linebuf/linebuf_reg_0/ADDRBWRADDR[14] (net: csi_rx/vout/even_linebuf/linebuf_read_address[8]) which is driven by a register (csi_rx/vout/output_timing/h_pos_reg[10]) that has an active asychronous set or reset. This may cause corruption of the memory contents and/or read values when the set/reset is asserted and is not analyzed by the default static timing analysis. It is suggested to eliminate the use of a set/reset to registers driving this RAMB pin or else use a synchronous reset in which the assertion of the reset is timed by default.
Related violations: <none>

REQP-1839#13 Warning
RAMB36 async control check  
The RAMB36E1 csi_rx/vout/even_linebuf/linebuf_reg_0 has an input control pin csi_rx/vout/even_linebuf/linebuf_reg_0/ADDRBWRADDR[14] (net: csi_rx/vout/even_linebuf/linebuf_read_address[8]) which is driven by a register (csi_rx/vout/output_timing/h_pos_reg[2]) that has an active asychronous set or reset. This may cause corruption of the memory contents and/or read values when the set/reset is asserted and is not analyzed by the default static timing analysis. It is suggested to eliminate the use of a set/reset to registers driving this RAMB pin or else use a synchronous reset in which the assertion of the reset is timed by default.
Related violations: <none>

REQP-1839#14 Warning
RAMB36 async control check  
The RAMB36E1 csi_rx/vout/even_linebuf/linebuf_reg_0 has an input control pin csi_rx/vout/even_linebuf/linebuf_reg_0/ADDRBWRADDR[14] (net: csi_rx/vout/even_linebuf/linebuf_read_address[8]) which is driven by a register (csi_rx/vout/output_timing/h_pos_reg[3]) that has an active asychronous set or reset. This may cause corruption of the memory contents and/or read values when the set/reset is asserted and is not analyzed by the default static timing analysis. It is suggested to eliminate the use of a set/reset to registers driving this RAMB pin or else use a synchronous reset in which the assertion of the reset is timed by default.
Related violations: <none>

REQP-1839#15 Warning
RAMB36 async control check  
The RAMB36E1 csi_rx/vout/even_linebuf/linebuf_reg_0 has an input control pin csi_rx/vout/even_linebuf/linebuf_reg_0/ADDRBWRADDR[14] (net: csi_rx/vout/even_linebuf/linebuf_read_address[8]) which is driven by a register (csi_rx/vout/output_timing/h_pos_reg[4]) that has an active asychronous set or reset. This may cause corruption of the memory contents and/or read values when the set/reset is asserted and is not analyzed by the default static timing analysis. It is suggested to eliminate the use of a set/reset to registers driving this RAMB pin or else use a synchronous reset in which the assertion of the reset is timed by default.
Related violations: <none>

REQP-1839#16 Warning
RAMB36 async control check  
The RAMB36E1 csi_rx/vout/even_linebuf/linebuf_reg_0 has an input control pin csi_rx/vout/even_linebuf/linebuf_reg_0/ADDRBWRADDR[14] (net: csi_rx/vout/even_linebuf/linebuf_read_address[8]) which is driven by a register (csi_rx/vout/output_timing/h_pos_reg[5]) that has an active asychronous set or reset. This may cause corruption of the memory contents and/or read values when the set/reset is asserted and is not analyzed by the default static timing analysis. It is suggested to eliminate the use of a set/reset to registers driving this RAMB pin or else use a synchronous reset in which the assertion of the reset is timed by default.
Related violations: <none>

REQP-1839#17 Warning
RAMB36 async control check  
The RAMB36E1 csi_rx/vout/even_linebuf/linebuf_reg_0 has an input control pin csi_rx/vout/even_linebuf/linebuf_reg_0/ADDRBWRADDR[14] (net: csi_rx/vout/even_linebuf/linebuf_read_address[8]) which is driven by a register (csi_rx/vout/output_timing/h_pos_reg[6]) that has an active asychronous set or reset. This may cause corruption of the memory contents and/or read values when the set/reset is asserted and is not analyzed by the default static timing analysis. It is suggested to eliminate the use of a set/reset to registers driving this RAMB pin or else use a synchronous reset in which the assertion of the reset is timed by default.
Related violations: <none>

REQP-1839#18 Warning
RAMB36 async control check  
The RAMB36E1 csi_rx/vout/even_linebuf/linebuf_reg_0 has an input control pin csi_rx/vout/even_linebuf/linebuf_reg_0/ADDRBWRADDR[14] (net: csi_rx/vout/even_linebuf/linebuf_read_address[8]) which is driven by a register (csi_rx/vout/output_timing/h_pos_reg[7]) that has an active asychronous set or reset. This may cause corruption of the memory contents and/or read values when the set/reset is asserted and is not analyzed by the default static timing analysis. It is suggested to eliminate the use of a set/reset to registers driving this RAMB pin or else use a synchronous reset in which the assertion of the reset is timed by default.
Related violations: <none>

REQP-1839#19 Warning
RAMB36 async control check  
The RAMB36E1 csi_rx/vout/even_linebuf/linebuf_reg_0 has an input control pin csi_rx/vout/even_linebuf/linebuf_reg_0/ADDRBWRADDR[14] (net: csi_rx/vout/even_linebuf/linebuf_read_address[8]) which is driven by a register (csi_rx/vout/output_timing/h_pos_reg[8]) that has an active asychronous set or reset. This may cause corruption of the memory contents and/or read values when the set/reset is asserted and is not analyzed by the default static timing analysis. It is suggested to eliminate the use of a set/reset to registers driving this RAMB pin or else use a synchronous reset in which the assertion of the reset is timed by default.
Related violations: <none>

REQP-1839#20 Warning
RAMB36 async control check  
The RAMB36E1 csi_rx/vout/even_linebuf/linebuf_reg_0 has an input control pin csi_rx/vout/even_linebuf/linebuf_reg_0/ADDRBWRADDR[14] (net: csi_rx/vout/even_linebuf/linebuf_read_address[8]) which is driven by a register (csi_rx/vout/output_timing/h_pos_reg[9]) that has an active asychronous set or reset. This may cause corruption of the memory contents and/or read values when the set/reset is asserted and is not analyzed by the default static timing analysis. It is suggested to eliminate the use of a set/reset to registers driving this RAMB pin or else use a synchronous reset in which the assertion of the reset is timed by default.
Related violations: <none>

REQP-1840#1 Warning
RAMB18 async control check  
The RAMB18E1 cam_ctl/regs/data_reg has an input control pin cam_ctl/regs/data_reg/ADDRARDADDR[10] (net: cam_ctl/regs/data_reg_i_3_n_0) which is driven by a register (cam_ctl/statecntr_reg[14]) that has an active asychronous set or reset. This may cause corruption of the memory contents and/or read values when the set/reset is asserted and is not analyzed by the default static timing analysis. It is suggested to eliminate the use of a set/reset to registers driving this RAMB pin or else use a synchronous reset in which the assertion of the reset is timed by default.
Related violations: <none>

REQP-1840#2 Warning
RAMB18 async control check  
The RAMB18E1 cam_ctl/regs/data_reg has an input control pin cam_ctl/regs/data_reg/ADDRARDADDR[10] (net: cam_ctl/regs/data_reg_i_3_n_0) which is driven by a register (cam_ctl/statecntr_reg[15]) that has an active asychronous set or reset. This may cause corruption of the memory contents and/or read values when the set/reset is asserted and is not analyzed by the default static timing analysis. It is suggested to eliminate the use of a set/reset to registers driving this RAMB pin or else use a synchronous reset in which the assertion of the reset is timed by default.
Related violations: <none>

REQP-1840#3 Warning
RAMB18 async control check  
The RAMB18E1 cam_ctl/regs/data_reg has an input control pin cam_ctl/regs/data_reg/ADDRARDADDR[10] (net: cam_ctl/regs/data_reg_i_3_n_0) which is driven by a register (cam_ctl/statecntr_reg[16]) that has an active asychronous set or reset. This may cause corruption of the memory contents and/or read values when the set/reset is asserted and is not analyzed by the default static timing analysis. It is suggested to eliminate the use of a set/reset to registers driving this RAMB pin or else use a synchronous reset in which the assertion of the reset is timed by default.
Related violations: <none>

REQP-1840#4 Warning
RAMB18 async control check  
The RAMB18E1 cam_ctl/regs/data_reg has an input control pin cam_ctl/regs/data_reg/ADDRARDADDR[10] (net: cam_ctl/regs/data_reg_i_3_n_0) which is driven by a register (cam_ctl/statecntr_reg[17]) that has an active asychronous set or reset. This may cause corruption of the memory contents and/or read values when the set/reset is asserted and is not analyzed by the default static timing analysis. It is suggested to eliminate the use of a set/reset to registers driving this RAMB pin or else use a synchronous reset in which the assertion of the reset is timed by default.
Related violations: <none>

REQP-1840#5 Warning
RAMB18 async control check  
The RAMB18E1 cam_ctl/regs/data_reg has an input control pin cam_ctl/regs/data_reg/ADDRARDADDR[11] (net: cam_ctl/regs/data_reg_i_2_n_0) which is driven by a register (cam_ctl/statecntr_reg[14]) that has an active asychronous set or reset. This may cause corruption of the memory contents and/or read values when the set/reset is asserted and is not analyzed by the default static timing analysis. It is suggested to eliminate the use of a set/reset to registers driving this RAMB pin or else use a synchronous reset in which the assertion of the reset is timed by default.
Related violations: <none>

REQP-1840#6 Warning
RAMB18 async control check  
The RAMB18E1 cam_ctl/regs/data_reg has an input control pin cam_ctl/regs/data_reg/ADDRARDADDR[11] (net: cam_ctl/regs/data_reg_i_2_n_0) which is driven by a register (cam_ctl/statecntr_reg[15]) that has an active asychronous set or reset. This may cause corruption of the memory contents and/or read values when the set/reset is asserted and is not analyzed by the default static timing analysis. It is suggested to eliminate the use of a set/reset to registers driving this RAMB pin or else use a synchronous reset in which the assertion of the reset is timed by default.
Related violations: <none>

REQP-1840#7 Warning
RAMB18 async control check  
The RAMB18E1 cam_ctl/regs/data_reg has an input control pin cam_ctl/regs/data_reg/ADDRARDADDR[11] (net: cam_ctl/regs/data_reg_i_2_n_0) which is driven by a register (cam_ctl/statecntr_reg[16]) that has an active asychronous set or reset. This may cause corruption of the memory contents and/or read values when the set/reset is asserted and is not analyzed by the default static timing analysis. It is suggested to eliminate the use of a set/reset to registers driving this RAMB pin or else use a synchronous reset in which the assertion of the reset is timed by default.
Related violations: <none>

REQP-1840#8 Warning
RAMB18 async control check  
The RAMB18E1 cam_ctl/regs/data_reg has an input control pin cam_ctl/regs/data_reg/ADDRARDADDR[11] (net: cam_ctl/regs/data_reg_i_2_n_0) which is driven by a register (cam_ctl/statecntr_reg[17]) that has an active asychronous set or reset. This may cause corruption of the memory contents and/or read values when the set/reset is asserted and is not analyzed by the default static timing analysis. It is suggested to eliminate the use of a set/reset to registers driving this RAMB pin or else use a synchronous reset in which the assertion of the reset is timed by default.
Related violations: <none>

REQP-1840#9 Warning
RAMB18 async control check  
The RAMB18E1 cam_ctl/regs/data_reg has an input control pin cam_ctl/regs/data_reg/ADDRARDADDR[12] (net: cam_ctl/regs/data_reg_i_1_n_0) which is driven by a register (cam_ctl/statecntr_reg[14]) that has an active asychronous set or reset. This may cause corruption of the memory contents and/or read values when the set/reset is asserted and is not analyzed by the default static timing analysis. It is suggested to eliminate the use of a set/reset to registers driving this RAMB pin or else use a synchronous reset in which the assertion of the reset is timed by default.
Related violations: <none>

REQP-1840#10 Warning
RAMB18 async control check  
The RAMB18E1 cam_ctl/regs/data_reg has an input control pin cam_ctl/regs/data_reg/ADDRARDADDR[12] (net: cam_ctl/regs/data_reg_i_1_n_0) which is driven by a register (cam_ctl/statecntr_reg[15]) that has an active asychronous set or reset. This may cause corruption of the memory contents and/or read values when the set/reset is asserted and is not analyzed by the default static timing analysis. It is suggested to eliminate the use of a set/reset to registers driving this RAMB pin or else use a synchronous reset in which the assertion of the reset is timed by default.
Related violations: <none>

REQP-1840#11 Warning
RAMB18 async control check  
The RAMB18E1 cam_ctl/regs/data_reg has an input control pin cam_ctl/regs/data_reg/ADDRARDADDR[12] (net: cam_ctl/regs/data_reg_i_1_n_0) which is driven by a register (cam_ctl/statecntr_reg[16]) that has an active asychronous set or reset. This may cause corruption of the memory contents and/or read values when the set/reset is asserted and is not analyzed by the default static timing analysis. It is suggested to eliminate the use of a set/reset to registers driving this RAMB pin or else use a synchronous reset in which the assertion of the reset is timed by default.
Related violations: <none>

REQP-1840#12 Warning
RAMB18 async control check  
The RAMB18E1 cam_ctl/regs/data_reg has an input control pin cam_ctl/regs/data_reg/ADDRARDADDR[12] (net: cam_ctl/regs/data_reg_i_1_n_0) which is driven by a register (cam_ctl/statecntr_reg[17]) that has an active asychronous set or reset. This may cause corruption of the memory contents and/or read values when the set/reset is asserted and is not analyzed by the default static timing analysis. It is suggested to eliminate the use of a set/reset to registers driving this RAMB pin or else use a synchronous reset in which the assertion of the reset is timed by default.
Related violations: <none>

REQP-1840#13 Warning
RAMB18 async control check  
The RAMB18E1 cam_ctl/regs/data_reg has an input control pin cam_ctl/regs/data_reg/ADDRARDADDR[8] (net: cam_ctl/regs/data_reg_i_5_n_0) which is driven by a register (cam_ctl/statecntr_reg[13]) that has an active asychronous set or reset. This may cause corruption of the memory contents and/or read values when the set/reset is asserted and is not analyzed by the default static timing analysis. It is suggested to eliminate the use of a set/reset to registers driving this RAMB pin or else use a synchronous reset in which the assertion of the reset is timed by default.
Related violations: <none>

REQP-1840#14 Warning
RAMB18 async control check  
The RAMB18E1 cam_ctl/regs/data_reg has an input control pin cam_ctl/regs/data_reg/ADDRARDADDR[8] (net: cam_ctl/regs/data_reg_i_5_n_0) which is driven by a register (cam_ctl/statecntr_reg[15]) that has an active asychronous set or reset. This may cause corruption of the memory contents and/or read values when the set/reset is asserted and is not analyzed by the default static timing analysis. It is suggested to eliminate the use of a set/reset to registers driving this RAMB pin or else use a synchronous reset in which the assertion of the reset is timed by default.
Related violations: <none>

REQP-1840#15 Warning
RAMB18 async control check  
The RAMB18E1 cam_ctl/regs/data_reg has an input control pin cam_ctl/regs/data_reg/ADDRARDADDR[8] (net: cam_ctl/regs/data_reg_i_5_n_0) which is driven by a register (cam_ctl/statecntr_reg[16]) that has an active asychronous set or reset. This may cause corruption of the memory contents and/or read values when the set/reset is asserted and is not analyzed by the default static timing analysis. It is suggested to eliminate the use of a set/reset to registers driving this RAMB pin or else use a synchronous reset in which the assertion of the reset is timed by default.
Related violations: <none>

REQP-1840#16 Warning
RAMB18 async control check  
The RAMB18E1 cam_ctl/regs/data_reg has an input control pin cam_ctl/regs/data_reg/ADDRARDADDR[8] (net: cam_ctl/regs/data_reg_i_5_n_0) which is driven by a register (cam_ctl/statecntr_reg[17]) that has an active asychronous set or reset. This may cause corruption of the memory contents and/or read values when the set/reset is asserted and is not analyzed by the default static timing analysis. It is suggested to eliminate the use of a set/reset to registers driving this RAMB pin or else use a synchronous reset in which the assertion of the reset is timed by default.
Related violations: <none>

REQP-1840#17 Warning
RAMB18 async control check  
The RAMB18E1 cam_ctl/regs/data_reg has an input control pin cam_ctl/regs/data_reg/ADDRARDADDR[9] (net: cam_ctl/regs/data_reg_i_4_n_0) which is driven by a register (cam_ctl/statecntr_reg[14]) that has an active asychronous set or reset. This may cause corruption of the memory contents and/or read values when the set/reset is asserted and is not analyzed by the default static timing analysis. It is suggested to eliminate the use of a set/reset to registers driving this RAMB pin or else use a synchronous reset in which the assertion of the reset is timed by default.
Related violations: <none>

REQP-1840#18 Warning
RAMB18 async control check  
The RAMB18E1 cam_ctl/regs/data_reg has an input control pin cam_ctl/regs/data_reg/ADDRARDADDR[9] (net: cam_ctl/regs/data_reg_i_4_n_0) which is driven by a register (cam_ctl/statecntr_reg[15]) that has an active asychronous set or reset. This may cause corruption of the memory contents and/or read values when the set/reset is asserted and is not analyzed by the default static timing analysis. It is suggested to eliminate the use of a set/reset to registers driving this RAMB pin or else use a synchronous reset in which the assertion of the reset is timed by default.
Related violations: <none>

REQP-1840#19 Warning
RAMB18 async control check  
The RAMB18E1 cam_ctl/regs/data_reg has an input control pin cam_ctl/regs/data_reg/ADDRARDADDR[9] (net: cam_ctl/regs/data_reg_i_4_n_0) which is driven by a register (cam_ctl/statecntr_reg[16]) that has an active asychronous set or reset. This may cause corruption of the memory contents and/or read values when the set/reset is asserted and is not analyzed by the default static timing analysis. It is suggested to eliminate the use of a set/reset to registers driving this RAMB pin or else use a synchronous reset in which the assertion of the reset is timed by default.
Related violations: <none>

REQP-1840#20 Warning
RAMB18 async control check  
The RAMB18E1 cam_ctl/regs/data_reg has an input control pin cam_ctl/regs/data_reg/ADDRARDADDR[9] (net: cam_ctl/regs/data_reg_i_4_n_0) which is driven by a register (cam_ctl/statecntr_reg[17]) that has an active asychronous set or reset. This may cause corruption of the memory contents and/or read values when the set/reset is asserted and is not analyzed by the default static timing analysis. It is suggested to eliminate the use of a set/reset to registers driving this RAMB pin or else use a synchronous reset in which the assertion of the reset is timed by default.
Related violations: <none>

RPBF-3#1 Warning
IO port buffering is incomplete  
Device port cam_i2c_sck expects both input and output buffering but the buffers are incomplete.
Related violations: <none>

RPBF-3#2 Warning
IO port buffering is incomplete  
Device port cam_i2c_sda expects both input and output buffering but the buffers are incomplete.
Related violations: <none>

RTSTAT-10#1 Warning
No routable loads  
23 net(s) have no routable loads. The problem bus(es) and/or net(s) are dbg_hub/inst/BSCANID.u_xsdbm_id/CORE_XSDB.UUT_MASTER/U_ICON_INTERFACE/U_CMD6_RD/U_RD_FIFO/SUBCORE_FIFO.xsdbm_v3_0_0_rdfifo_inst/inst_fifo_gen/gconvfifo.rf/grf.rf/gntv_or_sync_fifo.gl0.rd/gr1.gr1_int.rfwft/aempty_fwft_i, dbg_hub/inst/BSCANID.u_xsdbm_id/CORE_XSDB.UUT_MASTER/U_ICON_INTERFACE/U_CMD7_CTL/ctl_reg[2:0], dbg_hub/inst/BSCANID.u_xsdbm_id/CORE_XSDB.UUT_MASTER/U_ICON_INTERFACE/U_CMD7_CTL/ctl_reg_en_2[1], dbg_hub/inst/BSCANID.u_xsdbm_id/CORE_XSDB.UUT_MASTER/U_ICON_INTERFACE/U_CMD1/ctl_reg_en_2[1], dbg_hub/inst/BSCANID.u_xsdbm_id/SWITCH_N_EXT_BSCAN.bscan_switch/m_bscan_capture[0], dbg_hub/inst/BSCANID.u_xsdbm_id/SWITCH_N_EXT_BSCAN.bscan_switch/m_bscan_drck[0], dbg_hub/inst/BSCANID.u_xsdbm_id/SWITCH_N_EXT_BSCAN.bscan_switch/m_bscan_flags[7:0], dbg_hub/inst/BSCANID.u_xsdbm_id/SWITCH_N_EXT_BSCAN.bscan_switch/m_bscan_runtest[0], dbg_hub/inst/BSCANID.u_xsdbm_id/CORE_XSDB.UUT_MASTER/U_ICON_INTERFACE/U_CMD6_RD/U_RD_FIFO/SUBCORE_FIFO.xsdbm_v3_0_0_rdfifo_inst/inst_fifo_gen/gconvfifo.rf/grf.rf/gntv_or_sync_fifo.gl0.rd/gras.rsts/ram_empty_i, dbg_hub/inst/BSCANID.u_xsdbm_id/CORE_XSDB.UUT_MASTER/U_ICON_INTERFACE/U_CMD6_WR/U_WR_FIFO/SUBCORE_FIFO.xsdbm_v3_0_0_wrfifo_inst/inst_fifo_gen/gconvfifo.rf/grf.rf/gntv_or_sync_fifo.gl0.wr/gwas.wsts/ram_full_i, dbg_hub/inst/BSCANID.u_xsdbm_id/CORE_XSDB.UUT_MASTER/U_ICON_INTERFACE/U_CMD6_WR/U_WR_FIFO/SUBCORE_FIFO.xsdbm_v3_0_0_wrfifo_inst/inst_fifo_gen/gconvfifo.rf/grf.rf/rstblk/rd_rst_reg[0], dbg_hub/inst/BSCANID.u_xsdbm_id/SWITCH_N_EXT_BSCAN.bscan_inst/s_bscan_tms, dbg_hub/inst/BSCANID.u_xsdbm_id/CORE_XSDB.UUT_MASTER/U_ICON_INTERFACE/U_CMD6_RD/U_RD_FIFO/SUBCORE_FIFO.xsdbm_v3_0_0_rdfifo_inst/inst_fifo_gen/gconvfifo.rf/grf.rf/rstblk/wr_rst_reg[2], dbg_hub/inst/BSCANID.u_xsdbm_id/CORE_XSDB.UUT_MASTER/U_ICON_INTERFACE/U_CMD6_WR/U_WR_FIFO/SUBCORE_FIFO.xsdbm_v3_0_0_wrfifo_inst/inst_fifo_gen/gconvfifo.rf/grf.rf/rstblk/wr_rst_reg[2].
Related violations: <none>


