
*** Running vivado
    with args -log output_line_buffer.vds -m64 -product Vivado -mode batch -messageDb vivado.pb -notrace -source output_line_buffer.tcl


****** Vivado v2017.2 (64-bit)
  **** SW Build 1909853 on Thu Jun 15 18:39:10 MDT 2017
  **** IP Build 1909766 on Thu Jun 15 19:58:00 MDT 2017
    ** Copyright 1986-2017 Xilinx, Inc. All Rights Reserved.

source output_line_buffer.tcl -notrace
Starting RTL Elaboration : Time (s): cpu = 00:00:04 ; elapsed = 00:00:05 . Memory (MB): peak = 1209.738 ; gain = 69.996 ; free physical = 9213 ; free virtual = 26783
INFO: [Synth 8-638] synthesizing module 'output_line_buffer' [/home/alga/workspace/github/CSI2Rx/project/IPcore/output_line_buffer_1/synth/output_line_buffer.vhd:72]
INFO: [Synth 8-256] done synthesizing module 'output_line_buffer' (9#1) [/home/alga/workspace/github/CSI2Rx/project/IPcore/output_line_buffer_1/synth/output_line_buffer.vhd:72]
Finished RTL Elaboration : Time (s): cpu = 00:00:47 ; elapsed = 00:00:48 . Memory (MB): peak = 1412.137 ; gain = 272.395 ; free physical = 9107 ; free virtual = 26712
Finished RTL Optimization Phase 1 : Time (s): cpu = 00:00:47 ; elapsed = 00:00:48 . Memory (MB): peak = 1412.137 ; gain = 272.395 ; free physical = 9114 ; free virtual = 26719
INFO: [Device 21-403] Loading part xc7a100tcsg324-2
Constraint Validation Runtime : Time (s): cpu = 00:00:00.04 ; elapsed = 00:00:00.06 . Memory (MB): peak = 1591.973 ; gain = 0.000 ; free physical = 8844 ; free virtual = 26449
Finished Constraint Validation : Time (s): cpu = 00:00:56 ; elapsed = 00:00:58 . Memory (MB): peak = 1591.973 ; gain = 452.230 ; free physical = 8955 ; free virtual = 26560
Finished Loading Part and Timing Information : Time (s): cpu = 00:00:56 ; elapsed = 00:00:58 . Memory (MB): peak = 1591.973 ; gain = 452.230 ; free physical = 8955 ; free virtual = 26560
Finished applying 'set_property' XDC Constraints : Time (s): cpu = 00:00:56 ; elapsed = 00:00:58 . Memory (MB): peak = 1591.973 ; gain = 452.230 ; free physical = 8954 ; free virtual = 26560
Finished RTL Optimization Phase 2 : Time (s): cpu = 00:00:56 ; elapsed = 00:00:58 . Memory (MB): peak = 1591.973 ; gain = 452.230 ; free physical = 8947 ; free virtual = 26553
Finished Cross Boundary and Area Optimization : Time (s): cpu = 00:00:56 ; elapsed = 00:00:58 . Memory (MB): peak = 1591.973 ; gain = 452.230 ; free physical = 8947 ; free virtual = 26553
Finished Applying XDC Timing Constraints : Time (s): cpu = 00:01:02 ; elapsed = 00:01:04 . Memory (MB): peak = 1591.973 ; gain = 452.230 ; free physical = 8821 ; free virtual = 26426
Finished Timing Optimization : Time (s): cpu = 00:01:02 ; elapsed = 00:01:04 . Memory (MB): peak = 1591.973 ; gain = 452.230 ; free physical = 8820 ; free virtual = 26425
Finished Technology Mapping : Time (s): cpu = 00:01:02 ; elapsed = 00:01:04 . Memory (MB): peak = 1591.973 ; gain = 452.230 ; free physical = 8819 ; free virtual = 26425
Finished IO Insertion : Time (s): cpu = 00:01:03 ; elapsed = 00:01:05 . Memory (MB): peak = 1591.973 ; gain = 452.230 ; free physical = 8820 ; free virtual = 26425
Finished Renaming Generated Instances : Time (s): cpu = 00:01:03 ; elapsed = 00:01:05 . Memory (MB): peak = 1591.973 ; gain = 452.230 ; free physical = 8820 ; free virtual = 26425
Finished Rebuilding User Hierarchy : Time (s): cpu = 00:01:03 ; elapsed = 00:01:05 . Memory (MB): peak = 1591.973 ; gain = 452.230 ; free physical = 8820 ; free virtual = 26425
Finished Renaming Generated Ports : Time (s): cpu = 00:01:03 ; elapsed = 00:01:05 . Memory (MB): peak = 1591.973 ; gain = 452.230 ; free physical = 8820 ; free virtual = 26425
Finished Handling Custom Attributes : Time (s): cpu = 00:01:03 ; elapsed = 00:01:05 . Memory (MB): peak = 1591.973 ; gain = 452.230 ; free physical = 8820 ; free virtual = 26425
Finished Renaming Generated Nets : Time (s): cpu = 00:01:03 ; elapsed = 00:01:05 . Memory (MB): peak = 1591.973 ; gain = 452.230 ; free physical = 8820 ; free virtual = 26425

Report Cell Usage: 
+------+---------+------+
|      |Cell     |Count |
+------+---------+------+
|1     |RAMB36E1 |     4|
+------+---------+------+
Finished Writing Synthesis Report : Time (s): cpu = 00:01:03 ; elapsed = 00:01:05 . Memory (MB): peak = 1591.973 ; gain = 452.230 ; free physical = 8820 ; free virtual = 26425
synth_design: Time (s): cpu = 00:01:04 ; elapsed = 00:01:06 . Memory (MB): peak = 1591.973 ; gain = 464.816 ; free physical = 8845 ; free virtual = 26451
