
*** Running vivado
    with args -log camera_pll.vds -m64 -product Vivado -mode batch -messageDb vivado.pb -notrace -source camera_pll.tcl


****** Vivado v2017.2 (64-bit)
  **** SW Build 1909853 on Thu Jun 15 18:39:10 MDT 2017
  **** IP Build 1909766 on Thu Jun 15 19:58:00 MDT 2017
    ** Copyright 1986-2017 Xilinx, Inc. All Rights Reserved.

source camera_pll.tcl -notrace
Starting RTL Elaboration : Time (s): cpu = 00:00:03 ; elapsed = 00:00:03 . Memory (MB): peak = 1211.008 ; gain = 73.996 ; free physical = 855 ; free virtual = 21420
INFO: [Synth 8-638] synthesizing module 'camera_pll' [/home/baktiiar/workspace/github/CSI2Rx/project/ov4689/ov4689.srcs/sources_1/ip/camera_pll_1/camera_pll.v:72]
INFO: [Synth 8-638] synthesizing module 'camera_pll_clk_wiz' [/home/baktiiar/workspace/github/CSI2Rx/project/ov4689/ov4689.srcs/sources_1/ip/camera_pll_1/camera_pll_clk_wiz.v:70]
INFO: [Synth 8-638] synthesizing module 'BUFG' [/media/baktiiar/downloads/Xilinx/Vivado/2017.2/scripts/rt/data/unisim_comp.v:607]
INFO: [Synth 8-256] done synthesizing module 'BUFG' (1#1) [/media/baktiiar/downloads/Xilinx/Vivado/2017.2/scripts/rt/data/unisim_comp.v:607]
INFO: [Synth 8-638] synthesizing module 'MMCME2_ADV' [/media/baktiiar/downloads/Xilinx/Vivado/2017.2/scripts/rt/data/unisim_comp.v:20759]
INFO: [Synth 8-256] done synthesizing module 'MMCME2_ADV' (2#1) [/media/baktiiar/downloads/Xilinx/Vivado/2017.2/scripts/rt/data/unisim_comp.v:20759]
INFO: [Synth 8-256] done synthesizing module 'camera_pll_clk_wiz' (3#1) [/home/baktiiar/workspace/github/CSI2Rx/project/ov4689/ov4689.srcs/sources_1/ip/camera_pll_1/camera_pll_clk_wiz.v:70]
INFO: [Synth 8-256] done synthesizing module 'camera_pll' (4#1) [/home/baktiiar/workspace/github/CSI2Rx/project/ov4689/ov4689.srcs/sources_1/ip/camera_pll_1/camera_pll.v:72]
Finished RTL Elaboration : Time (s): cpu = 00:00:04 ; elapsed = 00:00:04 . Memory (MB): peak = 1251.516 ; gain = 114.504 ; free physical = 865 ; free virtual = 21431
Finished RTL Optimization Phase 1 : Time (s): cpu = 00:00:04 ; elapsed = 00:00:04 . Memory (MB): peak = 1251.516 ; gain = 114.504 ; free physical = 866 ; free virtual = 21431
INFO: [Device 21-403] Loading part xc7a100tcsg324-2
Constraint Validation Runtime : Time (s): cpu = 00:00:00.03 ; elapsed = 00:00:00.03 . Memory (MB): peak = 1555.203 ; gain = 0.004 ; free physical = 605 ; free virtual = 21166
Finished Constraint Validation : Time (s): cpu = 00:00:11 ; elapsed = 00:00:11 . Memory (MB): peak = 1555.203 ; gain = 418.191 ; free physical = 694 ; free virtual = 21256
Finished Loading Part and Timing Information : Time (s): cpu = 00:00:11 ; elapsed = 00:00:11 . Memory (MB): peak = 1555.203 ; gain = 418.191 ; free physical = 694 ; free virtual = 21256
Finished applying 'set_property' XDC Constraints : Time (s): cpu = 00:00:11 ; elapsed = 00:00:11 . Memory (MB): peak = 1555.203 ; gain = 418.191 ; free physical = 696 ; free virtual = 21257
Finished RTL Optimization Phase 2 : Time (s): cpu = 00:00:11 ; elapsed = 00:00:11 . Memory (MB): peak = 1555.203 ; gain = 418.191 ; free physical = 695 ; free virtual = 21257
Finished Cross Boundary and Area Optimization : Time (s): cpu = 00:00:11 ; elapsed = 00:00:12 . Memory (MB): peak = 1555.203 ; gain = 418.191 ; free physical = 694 ; free virtual = 21255
Finished Applying XDC Timing Constraints : Time (s): cpu = 00:00:17 ; elapsed = 00:00:17 . Memory (MB): peak = 1555.203 ; gain = 418.191 ; free physical = 566 ; free virtual = 21128
Finished Timing Optimization : Time (s): cpu = 00:00:17 ; elapsed = 00:00:17 . Memory (MB): peak = 1555.203 ; gain = 418.191 ; free physical = 566 ; free virtual = 21128
Finished Technology Mapping : Time (s): cpu = 00:00:17 ; elapsed = 00:00:17 . Memory (MB): peak = 1560.199 ; gain = 423.188 ; free physical = 566 ; free virtual = 21127
Finished IO Insertion : Time (s): cpu = 00:00:17 ; elapsed = 00:00:18 . Memory (MB): peak = 1560.199 ; gain = 423.188 ; free physical = 566 ; free virtual = 21127
Finished Renaming Generated Instances : Time (s): cpu = 00:00:17 ; elapsed = 00:00:18 . Memory (MB): peak = 1560.199 ; gain = 423.188 ; free physical = 566 ; free virtual = 21127
Finished Rebuilding User Hierarchy : Time (s): cpu = 00:00:17 ; elapsed = 00:00:18 . Memory (MB): peak = 1560.199 ; gain = 423.188 ; free physical = 566 ; free virtual = 21127
Finished Renaming Generated Ports : Time (s): cpu = 00:00:17 ; elapsed = 00:00:18 . Memory (MB): peak = 1560.199 ; gain = 423.188 ; free physical = 566 ; free virtual = 21127
Finished Handling Custom Attributes : Time (s): cpu = 00:00:17 ; elapsed = 00:00:18 . Memory (MB): peak = 1560.199 ; gain = 423.188 ; free physical = 566 ; free virtual = 21127
Finished Renaming Generated Nets : Time (s): cpu = 00:00:17 ; elapsed = 00:00:18 . Memory (MB): peak = 1560.199 ; gain = 423.188 ; free physical = 566 ; free virtual = 21127

Report Cell Usage: 
+------+-----------+------+
|      |Cell       |Count |
+------+-----------+------+
|1     |BUFG       |     5|
|2     |MMCME2_ADV |     1|
+------+-----------+------+
Finished Writing Synthesis Report : Time (s): cpu = 00:00:17 ; elapsed = 00:00:18 . Memory (MB): peak = 1560.199 ; gain = 423.188 ; free physical = 566 ; free virtual = 21127
synth_design: Time (s): cpu = 00:00:18 ; elapsed = 00:00:18 . Memory (MB): peak = 1566.203 ; gain = 441.773 ; free physical = 579 ; free virtual = 21143
