
*** Running vivado
    with args -log camera_pll.vds -m64 -product Vivado -mode batch -messageDb vivado.pb -notrace -source camera_pll.tcl


****** Vivado v2017.2 (64-bit)
  **** SW Build 1909853 on Thu Jun 15 18:39:10 MDT 2017
  **** IP Build 1909766 on Thu Jun 15 19:58:00 MDT 2017
    ** Copyright 1986-2017 Xilinx, Inc. All Rights Reserved.

source camera_pll.tcl -notrace
Starting RTL Elaboration : Time (s): cpu = 00:00:03 ; elapsed = 00:00:03 . Memory (MB): peak = 1211.738 ; gain = 72.996 ; free physical = 11007 ; free virtual = 28312
INFO: [Synth 8-638] synthesizing module 'camera_pll' [/home/alga/workspace/github/CSI2Rx/project/IPcore/camera_pll_1/camera_pll.v:72]
INFO: [Synth 8-638] synthesizing module 'camera_pll_clk_wiz' [/home/alga/workspace/github/CSI2Rx/project/IPcore/camera_pll_1/camera_pll_clk_wiz.v:70]
INFO: [Synth 8-638] synthesizing module 'BUFG' [/home/alga/workspace/Xilinx/Vivado/2017.2/scripts/rt/data/unisim_comp.v:607]
INFO: [Synth 8-256] done synthesizing module 'BUFG' (1#1) [/home/alga/workspace/Xilinx/Vivado/2017.2/scripts/rt/data/unisim_comp.v:607]
INFO: [Synth 8-638] synthesizing module 'MMCME2_ADV' [/home/alga/workspace/Xilinx/Vivado/2017.2/scripts/rt/data/unisim_comp.v:20759]
INFO: [Synth 8-256] done synthesizing module 'MMCME2_ADV' (2#1) [/home/alga/workspace/Xilinx/Vivado/2017.2/scripts/rt/data/unisim_comp.v:20759]
INFO: [Synth 8-256] done synthesizing module 'camera_pll_clk_wiz' (3#1) [/home/alga/workspace/github/CSI2Rx/project/IPcore/camera_pll_1/camera_pll_clk_wiz.v:70]
INFO: [Synth 8-256] done synthesizing module 'camera_pll' (4#1) [/home/alga/workspace/github/CSI2Rx/project/IPcore/camera_pll_1/camera_pll.v:72]
Finished RTL Elaboration : Time (s): cpu = 00:00:04 ; elapsed = 00:00:04 . Memory (MB): peak = 1252.238 ; gain = 113.496 ; free physical = 11005 ; free virtual = 28311
Finished RTL Optimization Phase 1 : Time (s): cpu = 00:00:04 ; elapsed = 00:00:04 . Memory (MB): peak = 1252.238 ; gain = 113.496 ; free physical = 11004 ; free virtual = 28310
INFO: [Device 21-403] Loading part xc7a100tcsg324-2
Constraint Validation Runtime : Time (s): cpu = 00:00:00.04 ; elapsed = 00:00:00.04 . Memory (MB): peak = 1562.902 ; gain = 0.000 ; free physical = 10770 ; free virtual = 28076
Finished Constraint Validation : Time (s): cpu = 00:00:13 ; elapsed = 00:00:13 . Memory (MB): peak = 1562.902 ; gain = 424.160 ; free physical = 10855 ; free virtual = 28161
Finished Loading Part and Timing Information : Time (s): cpu = 00:00:13 ; elapsed = 00:00:13 . Memory (MB): peak = 1562.902 ; gain = 424.160 ; free physical = 10855 ; free virtual = 28161
Finished applying 'set_property' XDC Constraints : Time (s): cpu = 00:00:13 ; elapsed = 00:00:13 . Memory (MB): peak = 1562.902 ; gain = 424.160 ; free physical = 10857 ; free virtual = 28163
Finished RTL Optimization Phase 2 : Time (s): cpu = 00:00:13 ; elapsed = 00:00:13 . Memory (MB): peak = 1562.902 ; gain = 424.160 ; free physical = 10857 ; free virtual = 28163
Finished Cross Boundary and Area Optimization : Time (s): cpu = 00:00:13 ; elapsed = 00:00:13 . Memory (MB): peak = 1562.902 ; gain = 424.160 ; free physical = 10857 ; free virtual = 28163
Finished Applying XDC Timing Constraints : Time (s): cpu = 00:00:19 ; elapsed = 00:00:19 . Memory (MB): peak = 1562.902 ; gain = 424.160 ; free physical = 10733 ; free virtual = 28039
Finished Timing Optimization : Time (s): cpu = 00:00:19 ; elapsed = 00:00:19 . Memory (MB): peak = 1562.902 ; gain = 424.160 ; free physical = 10733 ; free virtual = 28039
Finished Technology Mapping : Time (s): cpu = 00:00:19 ; elapsed = 00:00:19 . Memory (MB): peak = 1567.902 ; gain = 429.160 ; free physical = 10732 ; free virtual = 28038
Finished IO Insertion : Time (s): cpu = 00:00:19 ; elapsed = 00:00:20 . Memory (MB): peak = 1567.902 ; gain = 429.160 ; free physical = 10732 ; free virtual = 28038
Finished Renaming Generated Instances : Time (s): cpu = 00:00:19 ; elapsed = 00:00:20 . Memory (MB): peak = 1567.902 ; gain = 429.160 ; free physical = 10732 ; free virtual = 28038
Finished Rebuilding User Hierarchy : Time (s): cpu = 00:00:19 ; elapsed = 00:00:20 . Memory (MB): peak = 1567.902 ; gain = 429.160 ; free physical = 10732 ; free virtual = 28038
Finished Renaming Generated Ports : Time (s): cpu = 00:00:19 ; elapsed = 00:00:20 . Memory (MB): peak = 1567.902 ; gain = 429.160 ; free physical = 10732 ; free virtual = 28038
Finished Handling Custom Attributes : Time (s): cpu = 00:00:19 ; elapsed = 00:00:20 . Memory (MB): peak = 1567.902 ; gain = 429.160 ; free physical = 10732 ; free virtual = 28038
Finished Renaming Generated Nets : Time (s): cpu = 00:00:19 ; elapsed = 00:00:20 . Memory (MB): peak = 1567.902 ; gain = 429.160 ; free physical = 10732 ; free virtual = 28038

Report Cell Usage: 
+------+-----------+------+
|      |Cell       |Count |
+------+-----------+------+
|1     |BUFG       |     5|
|2     |MMCME2_ADV |     1|
+------+-----------+------+
Finished Writing Synthesis Report : Time (s): cpu = 00:00:19 ; elapsed = 00:00:20 . Memory (MB): peak = 1567.902 ; gain = 429.160 ; free physical = 10732 ; free virtual = 28038
synth_design: Time (s): cpu = 00:00:20 ; elapsed = 00:00:21 . Memory (MB): peak = 1574.902 ; gain = 448.746 ; free physical = 10747 ; free virtual = 28053
