
*** Running vivado
    with args -log camera_pll.vds -m64 -product Vivado -mode batch -messageDb vivado.pb -notrace -source camera_pll.tcl


****** Vivado v2017.2 (64-bit)
  **** SW Build 1909853 on Thu Jun 15 18:39:10 MDT 2017
  **** IP Build 1909766 on Thu Jun 15 19:58:00 MDT 2017
    ** Copyright 1986-2017 Xilinx, Inc. All Rights Reserved.

source camera_pll.tcl -notrace
Starting RTL Elaboration : Time (s): cpu = 00:00:03 ; elapsed = 00:00:03 . Memory (MB): peak = 1211.016 ; gain = 73.996 ; free physical = 938 ; free virtual = 21500
INFO: [Synth 8-638] synthesizing module 'camera_pll' [/home/baktiiar/workspace/github/CSI2Rx/project/ov4689/ov4689.srcs/sources_1/ip/camera_pll_1/camera_pll.v:73]
INFO: [Synth 8-638] synthesizing module 'camera_pll_clk_wiz' [/home/baktiiar/workspace/github/CSI2Rx/project/ov4689/ov4689.srcs/sources_1/ip/camera_pll_1/camera_pll_clk_wiz.v:71]
INFO: [Synth 8-638] synthesizing module 'BUFG' [/media/baktiiar/downloads/Xilinx/Vivado/2017.2/scripts/rt/data/unisim_comp.v:607]
INFO: [Synth 8-256] done synthesizing module 'BUFG' (1#1) [/media/baktiiar/downloads/Xilinx/Vivado/2017.2/scripts/rt/data/unisim_comp.v:607]
INFO: [Synth 8-638] synthesizing module 'MMCME2_ADV' [/media/baktiiar/downloads/Xilinx/Vivado/2017.2/scripts/rt/data/unisim_comp.v:20759]
INFO: [Synth 8-256] done synthesizing module 'MMCME2_ADV' (2#1) [/media/baktiiar/downloads/Xilinx/Vivado/2017.2/scripts/rt/data/unisim_comp.v:20759]
INFO: [Synth 8-256] done synthesizing module 'camera_pll_clk_wiz' (3#1) [/home/baktiiar/workspace/github/CSI2Rx/project/ov4689/ov4689.srcs/sources_1/ip/camera_pll_1/camera_pll_clk_wiz.v:71]
INFO: [Synth 8-256] done synthesizing module 'camera_pll' (4#1) [/home/baktiiar/workspace/github/CSI2Rx/project/ov4689/ov4689.srcs/sources_1/ip/camera_pll_1/camera_pll.v:73]
Finished RTL Elaboration : Time (s): cpu = 00:00:04 ; elapsed = 00:00:04 . Memory (MB): peak = 1251.523 ; gain = 114.504 ; free physical = 949 ; free virtual = 21511
Finished RTL Optimization Phase 1 : Time (s): cpu = 00:00:04 ; elapsed = 00:00:04 . Memory (MB): peak = 1251.523 ; gain = 114.504 ; free physical = 949 ; free virtual = 21511
INFO: [Device 21-403] Loading part xc7a100tcsg324-2
Constraint Validation Runtime : Time (s): cpu = 00:00:00.04 ; elapsed = 00:00:00.03 . Memory (MB): peak = 1555.211 ; gain = 0.004 ; free physical = 685 ; free virtual = 21248
Finished Constraint Validation : Time (s): cpu = 00:00:11 ; elapsed = 00:00:11 . Memory (MB): peak = 1555.211 ; gain = 418.191 ; free physical = 789 ; free virtual = 21339
Finished Loading Part and Timing Information : Time (s): cpu = 00:00:11 ; elapsed = 00:00:11 . Memory (MB): peak = 1555.211 ; gain = 418.191 ; free physical = 789 ; free virtual = 21339
Finished applying 'set_property' XDC Constraints : Time (s): cpu = 00:00:11 ; elapsed = 00:00:11 . Memory (MB): peak = 1555.211 ; gain = 418.191 ; free physical = 790 ; free virtual = 21341
Finished RTL Optimization Phase 2 : Time (s): cpu = 00:00:11 ; elapsed = 00:00:11 . Memory (MB): peak = 1555.211 ; gain = 418.191 ; free physical = 789 ; free virtual = 21340
Finished Cross Boundary and Area Optimization : Time (s): cpu = 00:00:11 ; elapsed = 00:00:12 . Memory (MB): peak = 1555.211 ; gain = 418.191 ; free physical = 789 ; free virtual = 21339
Finished Applying XDC Timing Constraints : Time (s): cpu = 00:00:17 ; elapsed = 00:00:17 . Memory (MB): peak = 1555.211 ; gain = 418.191 ; free physical = 665 ; free virtual = 21216
Finished Timing Optimization : Time (s): cpu = 00:00:17 ; elapsed = 00:00:17 . Memory (MB): peak = 1555.211 ; gain = 418.191 ; free physical = 665 ; free virtual = 21216
Finished Technology Mapping : Time (s): cpu = 00:00:17 ; elapsed = 00:00:17 . Memory (MB): peak = 1560.207 ; gain = 423.188 ; free physical = 664 ; free virtual = 21215
Finished IO Insertion : Time (s): cpu = 00:00:17 ; elapsed = 00:00:17 . Memory (MB): peak = 1560.207 ; gain = 423.188 ; free physical = 664 ; free virtual = 21215
Finished Renaming Generated Instances : Time (s): cpu = 00:00:17 ; elapsed = 00:00:17 . Memory (MB): peak = 1560.207 ; gain = 423.188 ; free physical = 664 ; free virtual = 21215
Finished Rebuilding User Hierarchy : Time (s): cpu = 00:00:17 ; elapsed = 00:00:17 . Memory (MB): peak = 1560.207 ; gain = 423.188 ; free physical = 664 ; free virtual = 21215
Finished Renaming Generated Ports : Time (s): cpu = 00:00:17 ; elapsed = 00:00:17 . Memory (MB): peak = 1560.207 ; gain = 423.188 ; free physical = 664 ; free virtual = 21215
Finished Handling Custom Attributes : Time (s): cpu = 00:00:17 ; elapsed = 00:00:17 . Memory (MB): peak = 1560.207 ; gain = 423.188 ; free physical = 664 ; free virtual = 21215
Finished Renaming Generated Nets : Time (s): cpu = 00:00:17 ; elapsed = 00:00:17 . Memory (MB): peak = 1560.207 ; gain = 423.188 ; free physical = 664 ; free virtual = 21215

Report Cell Usage: 
+------+-----------+------+
|      |Cell       |Count |
+------+-----------+------+
|1     |BUFG       |     6|
|2     |MMCME2_ADV |     1|
+------+-----------+------+
Finished Writing Synthesis Report : Time (s): cpu = 00:00:17 ; elapsed = 00:00:17 . Memory (MB): peak = 1560.207 ; gain = 423.188 ; free physical = 664 ; free virtual = 21215
synth_design: Time (s): cpu = 00:00:18 ; elapsed = 00:00:18 . Memory (MB): peak = 1566.211 ; gain = 441.773 ; free physical = 682 ; free virtual = 21232
